important - INFO - 2025-05-20 10:40:00 temp: 18.2 wind: 0.2
important - INFO - 2025-05-20 11:10:00 temp: 18.8 wind: 0.3
important - INFO - 2025-05-20 11:20:00 temp: 18.7 wind: 0.5
important - INFO - 2025-05-20 11:30:00 temp: 19.4 wind: 0.2
important - INFO - 2025-05-20 11:40:00 temp: 20.1 wind: 0.4
important - INFO - 2025-05-20 11:50:00 temp: 20.1 wind: 0.7
important - INFO - 2025-05-20 12:30:00 temp: 20.3 wind: 1
important - INFO - 2025-05-20 13:00:00 temp: 19.6 wind: 0.5
important - INFO - 2025-05-20 13:30:00 temp: 22.8 wind: 0.7
important - INFO - 2025-05-20 13:50:00 temp: 22.6 wind: 0.7
important - INFO - 2025-05-20 14:10:00 temp: 23.5 wind: 0.7
important - INFO - 2025-05-20 14:30:00 temp: 20.6 wind: 0.5
important - INFO - 2025-05-20 14:40:00 temp: 21.9 wind: 0.6
important - INFO - 2025-05-20 14:50:00 temp: 22.6 wind: 0.7
important - INFO - 2025-05-20 15:10:00 temp: 21.5 wind: 1.8
important - INFO - 2025-05-20 15:30:00 temp: 21.9 wind: 0.4
important - INFO - 2025-05-20 15:40:00 temp: 21 wind: 1.3
important - INFO - 2025-05-20 15:50:00 temp: 20.2 wind: 1.2
important - INFO - 2025-05-20 16:10:00 temp: 18.6 wind: 1.1
important - INFO - 2025-05-20 16:40:00 temp: 18 wind: 2.2
important - INFO - 2025-05-20 16:50:00 temp: 18 wind: 2.1
important - INFO - 2025-05-20 17:10:00 temp: 17.8 wind: 1.5
important - INFO - 2025-05-20 17:30:00 temp: 17.4 wind: 0.7
important - INFO - 2025-05-20 17:50:00 temp: 16.7 wind: 1
important - INFO - 2025-05-20 18:20:00 temp: 15.4 wind: 1.1
important - INFO - 2025-05-20 18:40:00 temp: 14.6 wind: 0.5
important - INFO - 2025-05-20 19:20:00 temp: 12.3 wind: 0
important - INFO - 2025-05-20 19:30:00 temp: 12.8 wind: 0
important - INFO - 2025-05-20 19:40:00 temp: 12.5 wind: 0
important - INFO - 2025-05-20 19:50:00 temp: 12.1 wind: 0
important - INFO - 2025-05-20 20:10:00 temp: 11.4 wind: 0
important - INFO - 2025-05-20 20:30:00 temp: 10.8 wind: 0
important - INFO - 2025-05-20 20:40:00 temp: 10.3 wind: 0
important - INFO - 2025-05-20 20:50:00 temp: 10.1 wind: 0
important - INFO - 2025-05-20 21:00:00 temp: 10 wind: 0
important - INFO - 2025-05-20 21:20:00 temp: 10.3 wind: 0.4
important - INFO - 2025-05-20 21:30:00 temp: 11 wind: 0.1
important - INFO - 2025-05-20 21:50:00 temp: 10.3 wind: 0
important - INFO - 2025-05-20 22:10:00 temp: 9.1 wind: 0
important - INFO - 2025-05-20 22:30:00 temp: 8.3 wind: 0
important - INFO - 2025-05-20 22:40:00 temp: 8.3 wind: 0
important - INFO - 2025-05-20 22:50:00 temp: 8.3 wind: 0
important - INFO - 2025-05-20 23:20:00 temp: 8 wind: 0
important - INFO - 2025-05-20 23:30:00 temp: 7.8 wind: 0
important - INFO - 2025-05-20 23:40:00 temp: 8 wind: 0
important - INFO - 2025-05-20 23:50:00 temp: 7.8 wind: 0
important - INFO - 2025-05-21 01:10:00 temp: 8.2 wind: 0.3
important - INFO - 2025-05-21 02:50:00 temp: 6.9 wind: 0
important - INFO - 2025-05-21 03:30:00 temp: 6.9 wind: 0
important - INFO - 2025-05-21 03:50:00 temp: 7.3 wind: 0
important - INFO - 2025-05-21 04:10:00 temp: 8.1 wind: 0
important - INFO - 2025-05-21 04:30:00 temp: 9.2 wind: 0
important - INFO - 2025-05-21 04:40:00 temp: 10 wind: 0
important - INFO - 2025-05-21 04:50:00 temp: 12 wind: 0
important - INFO - 2025-05-21 05:10:00 temp: 15 wind: 0
important - INFO - 2025-05-21 05:20:00 temp: 16 wind: 0
important - INFO - 2025-05-21 05:40:00 temp: 16.1 wind: 0.4
important - INFO - 2025-05-21 05:50:00 temp: 15.9 wind: 1
important - INFO - 2025-05-21 06:10:00 temp: 17 wind: 1.3
important - INFO - 2025-05-21 06:40:00 temp: 17.2 wind: 1.1
important - INFO - 2025-05-21 06:50:00 temp: 18 wind: 1.2
important - INFO - 2025-05-21 07:00:00 temp: 17 wind: 1.2
important - INFO - 2025-05-21 07:20:00 temp: 19.6 wind: 0.5
important - INFO - 2025-05-21 07:30:00 temp: 19.2 wind: 1.2
important - INFO - 2025-05-21 07:40:00 temp: 18.8 wind: 1.3
important - INFO - 2025-05-21 07:50:00 temp: 21.2 wind: 1.1
important - INFO - 2025-05-21 08:10:00 temp: 21.1 wind: 1.1
important - INFO - 2025-05-21 08:30:00 temp: 21 wind: 1.6
important - INFO - 2025-05-21 08:50:00 temp: 22.3 wind: 1.1
important - INFO - 2025-05-21 09:10:00 temp: 23.5 wind: 0.8
important - INFO - 2025-05-21 09:30:00 temp: 22.8 wind: 1.3
important - INFO - 2025-05-21 09:40:00 temp: 22.2 wind: 1.5
important - INFO - 2025-05-21 09:50:00 temp: 22.3 wind: 1.9
important - INFO - 2025-05-21 10:10:00 temp: 21.8 wind: 1
important - INFO - 2025-05-21 10:30:00 temp: 22.3 wind: 1.1
important - INFO - 2025-05-21 10:40:00 temp: 22.8 wind: 1.1
important - INFO - 2025-05-21 10:50:00 temp: 23.4 wind: 1.3
important - INFO - 2025-05-21 11:10:00 temp: 22.6 wind: 2
important - INFO - 2025-05-21 11:20:00 temp: 22.6 wind: 2.1
important - INFO - 2025-05-21 11:30:00 temp: 23.1 wind: 2.1
important - INFO - 2025-05-21 11:40:00 temp: 22.6 wind: 1.4
important - INFO - 2025-05-21 11:50:00 temp: 22.7 wind: 1
important - INFO - 2025-05-21 12:30:00 temp: 24.2 wind: 1.4
important - INFO - 2025-05-21 13:00:00 temp: 23.3 wind: 1.6
important - INFO - 2025-05-21 13:30:00 temp: 24.8 wind: 1.4
important - INFO - 2025-05-21 13:40:00 temp: 25.1 wind: 1.7
important - INFO - 2025-05-21 13:50:00 temp: 24.6 wind: 1.6
important - INFO - 2025-05-21 14:00:00 temp: 24.3 wind: 2
important - INFO - 2025-05-21 14:30:00 temp: 24.2 wind: 1.8
important - INFO - 2025-05-21 14:40:00 temp: 24.4 wind: 1.6
important - INFO - 2025-05-21 14:50:00 temp: 23.6 wind: 2
important - INFO - 2025-05-21 15:10:00 temp: 23.9 wind: 1.6
important - INFO - 2025-05-21 15:30:00 temp: 23.7 wind: 1.7
important - INFO - 2025-05-21 15:40:00 temp: 23.3 wind: 1.6
important - INFO - 2025-05-21 15:50:00 temp: 22.5 wind: 2
important - INFO - 2025-05-21 16:10:00 temp: 20.6 wind: 2
important - INFO - 2025-05-21 16:40:00 temp: 20.1 wind: 1.8
important - INFO - 2025-05-21 16:50:00 temp: 20 wind: 1.6
important - INFO - 2025-05-21 17:00:00 temp: 20 wind: 1.3
important - INFO - 2025-05-21 17:20:00 temp: 19.8 wind: 1.2
important - INFO - 2025-05-21 17:30:00 temp: 19.6 wind: 0.8
important - INFO - 2025-05-21 17:40:00 temp: 19.6 wind: 0.7
important - INFO - 2025-05-21 17:50:00 temp: 19.3 wind: 0.8
important - INFO - 2025-05-21 18:10:00 temp: 18.1 wind: 1.1
important - INFO - 2025-05-21 18:40:00 temp: 16.9 wind: 0.3
important - INFO - 2025-05-21 19:10:00 temp: 17.1 wind: 1.5
important - INFO - 2025-05-21 19:20:00 temp: 17.2 wind: 2.2
important - INFO - 2025-05-21 19:30:00 temp: 17.2 wind: 2.5
important - INFO - 2025-05-21 19:40:00 temp: 17 wind: 1.9
important - INFO - 2025-05-21 19:50:00 temp: 16.8 wind: 1.9
important - INFO - 2025-05-21 20:00:00 temp: 16.5 wind: 1.8
important - INFO - 2025-05-21 20:30:00 temp: 15.8 wind: 0.6
important - INFO - 2025-05-21 20:40:00 temp: 15.6 wind: 0.9
important - INFO - 2025-05-21 20:50:00 temp: 15.5 wind: 1.2
important - INFO - 2025-05-21 21:00:00 temp: 15.3 wind: 1.4
important - INFO - 2025-05-21 21:20:00 temp: 14.8 wind: 1.6
important - INFO - 2025-05-21 21:40:00 temp: 14.5 wind: 1.5
important - INFO - 2025-05-21 21:50:00 temp: 14.3 wind: 1.4
important - INFO - 2025-05-21 22:10:00 temp: 13.9 wind: 0.6
important - INFO - 2025-05-21 22:30:00 temp: 13.8 wind: 0.5
important - INFO - 2025-05-21 22:40:00 temp: 13.8 wind: 1
important - INFO - 2025-05-21 23:00:00 temp: 13.5 wind: 0.5
important - INFO - 2025-05-21 23:20:00 temp: 13.1 wind: 1.2
important - INFO - 2025-05-21 23:30:00 temp: 13 wind: 1.1
important - INFO - 2025-05-21 23:40:00 temp: 12.6 wind: 0.2
important - INFO - 2025-05-21 23:50:00 temp: 12.5 wind: 0.1
important - INFO - 2025-05-22 01:20:00 temp: 11.5 wind: 0
important - INFO - 2025-05-22 02:50:00 temp: 11.1 wind: 0
important - INFO - 2025-05-22 03:30:00 temp: 11.8 wind: 0.8
important - INFO - 2025-05-22 03:50:00 temp: 12.3 wind: 0.1
important - INFO - 2025-05-22 04:10:00 temp: 12.3 wind: 0.1
important - INFO - 2025-05-22 04:30:00 temp: 12.8 wind: 0.2
important - INFO - 2025-05-22 04:40:00 temp: 13.1 wind: 0.4
important - INFO - 2025-05-22 04:50:00 temp: 13.5 wind: 0.2
important - INFO - 2025-05-22 05:10:00 temp: 13.8 wind: 0.8
important - INFO - 2025-05-22 05:30:00 temp: 14.3 wind: 1.1
important - INFO - 2025-05-22 05:40:00 temp: 14.5 wind: 0.7
important - INFO - 2025-05-22 05:50:00 temp: 15.2 wind: 0.7
important - INFO - 2025-05-22 06:20:00 temp: 15.3 wind: 0.2
important - INFO - 2025-05-22 06:40:00 temp: 15.8 wind: 0.2
important - INFO - 2025-05-22 06:50:00 temp: 15.5 wind: 0.2
important - INFO - 2025-05-22 07:10:00 temp: 19.1 wind: 0.4
important - INFO - 2025-05-22 07:20:00 temp: 17.8 wind: 0.3
important - INFO - 2025-05-22 07:30:00 temp: 18.8 wind: 0.2
important - INFO - 2025-05-22 07:40:00 temp: 18.2 wind: 0.2
important - INFO - 2025-05-22 07:50:00 temp: 18 wind: 0.4
important - INFO - 2025-05-22 08:10:00 temp: 19.1 wind: 0.3
important - INFO - 2025-05-22 08:30:00 temp: 19.1 wind: 0.7
important - INFO - 2025-05-22 08:50:00 temp: 19 wind: 0.1
important - INFO - 2025-05-22 09:10:00 temp: 19.9 wind: 2.2
important - INFO - 2025-05-22 09:30:00 temp: 20.2 wind: 2.5
important - INFO - 2025-05-22 09:40:00 temp: 20.6 wind: 1.7
important - INFO - 2025-05-22 09:50:00 temp: 19.5 wind: 1.5
important - INFO - 2025-05-22 10:00:00 temp: 19.3 wind: 2
important - INFO - 2025-05-22 10:30:00 temp: 20.3 wind: 1.6
important - INFO - 2025-05-22 10:40:00 temp: 19.6 wind: 1.9
important - INFO - 2025-05-22 10:50:00 temp: 18.6 wind: 3.1
important - INFO - 2025-05-22 11:10:00 temp: 18.4 wind: 3.8
important - INFO - 2025-05-22 11:20:00 temp: 18.5 wind: 3.6
important - INFO - 2025-05-22 11:30:00 temp: 19.1 wind: 3.3
important - INFO - 2025-05-22 11:40:00 temp: 18.8 wind: 3.1
important - INFO - 2025-05-22 11:50:00 temp: 19.8 wind: 3
important - INFO - 2025-05-22 12:20:00 temp: 17.8 wind: 3.3
important - INFO - 2025-05-22 13:00:00 temp: 17.3 wind: 3.8
important - INFO - 2025-05-22 13:30:00 temp: 16.5 wind: 4.2
important - INFO - 2025-05-22 13:40:00 temp: 15.8 wind: 3.5
important - INFO - 2025-05-22 13:50:00 temp: 15.4 wind: 3.5
important - INFO - 2025-05-22 14:10:00 temp: 14.8 wind: 3.6
important - INFO - 2025-05-22 14:30:00 temp: 13.8 wind: 3.1
important - INFO - 2025-05-22 14:40:00 temp: 13.5 wind: 3.1
important - INFO - 2025-05-22 14:50:00 temp: 13.3 wind: 3.2
important - INFO - 2025-05-22 15:10:00 temp: 12.3 wind: 2.4
important - INFO - 2025-05-22 15:30:00 temp: 12.2 wind: 1.5
important - INFO - 2025-05-22 15:40:00 temp: 12.3 wind: 1
important - INFO - 2025-05-22 15:50:00 temp: 12.1 wind: 1.3
important - INFO - 2025-05-22 16:10:00 temp: 11.8 wind: 2.1
important - INFO - 2025-05-22 16:40:00 temp: 11.7 wind: 1.4
important - INFO - 2025-05-22 16:50:00 temp: 11.6 wind: 0.8
important - INFO - 2025-05-22 17:10:00 temp: 11.3 wind: 0.1
important - INFO - 2025-05-22 17:30:00 temp: 11.3 wind: 0
important - INFO - 2025-05-22 17:40:00 temp: 11.3 wind: 0
important - INFO - 2025-05-22 17:50:00 temp: 11.2 wind: 0.3
important - INFO - 2025-05-22 18:20:00 temp: 11.1 wind: 0.8
important - INFO - 2025-05-22 18:40:00 temp: 11 wind: 0.4
important - INFO - 2025-05-22 18:50:00 temp: 10.9 wind: 0.4
important - INFO - 2025-05-22 19:10:00 temp: 10.9 wind: 0.1
important - INFO - 2025-05-22 19:20:00 temp: 10.9 wind: 0.1
important - INFO - 2025-05-22 19:30:00 temp: 11 wind: 0.3
important - INFO - 2025-05-22 19:40:00 temp: 10.9 wind: 0.4
important - INFO - 2025-05-22 19:50:00 temp: 10.9 wind: 0.8
important - INFO - 2025-05-22 20:00:00 temp: 10.6 wind: 2.4
important - INFO - 2025-05-22 20:30:00 temp: 9.6 wind: 3.9
important - INFO - 2025-05-22 20:40:00 temp: 9.3 wind: 3
important - INFO - 2025-05-22 20:50:00 temp: 9.4 wind: 3
important - INFO - 2025-05-22 21:10:00 temp: 9.6 wind: 1.8
important - INFO - 2025-05-22 21:20:00 temp: 9.6 wind: 1.9
important - INFO - 2025-05-22 21:30:00 temp: 9.6 wind: 2.4
important - INFO - 2025-05-22 21:40:00 temp: 9.6 wind: 2.8
important - INFO - 2025-05-22 21:50:00 temp: 9.6 wind: 2.5
important - INFO - 2025-05-22 22:10:00 temp: 9.4 wind: 3.1
important - INFO - 2025-05-22 22:30:00 temp: 9.1 wind: 3.3
important - INFO - 2025-05-22 22:40:00 temp: 9.1 wind: 3.2
important - INFO - 2025-05-22 22:50:00 temp: 9.1 wind: 3
important - INFO - 2025-05-22 23:00:00 temp: 9.1 wind: 3.2
important - INFO - 2025-05-22 23:20:00 temp: 8.8 wind: 2
important - INFO - 2025-05-22 23:30:00 temp: 8.8 wind: 2.2
important - INFO - 2025-05-22 23:40:00 temp: 8.8 wind: 1.6
important - INFO - 2025-05-22 23:50:00 temp: 8.6 wind: 1.2
important - INFO - 2025-05-23 01:10:00 temp: 8.5 wind: 1.9
important - INFO - 2025-05-23 02:50:00 temp: 7.8 wind: 1.6
important - INFO - 2025-05-23 03:30:00 temp: 7.3 wind: 1.7
important - INFO - 2025-05-23 03:50:00 temp: 7.6 wind: 2.6
important - INFO - 2025-05-23 04:10:00 temp: 8.1 wind: 3
important - INFO - 2025-05-23 04:30:00 temp: 8.6 wind: 3
important - INFO - 2025-05-23 04:40:00 temp: 8.6 wind: 3.1
important - INFO - 2025-05-23 04:50:00 temp: 8.8 wind: 2.9
important - INFO - 2025-05-23 05:10:00 temp: 9.6 wind: 3.1
important - INFO - 2025-05-23 05:30:00 temp: 9.5 wind: 2.9
important - INFO - 2025-05-23 05:40:00 temp: 9.3 wind: 2.6
important - INFO - 2025-05-23 05:50:00 temp: 9.5 wind: 2.6
important - INFO - 2025-05-23 06:10:00 temp: 9.6 wind: 3.3
important - INFO - 2025-05-23 06:40:00 temp: 10 wind: 2.2
important - INFO - 2025-05-23 06:50:00 temp: 10.1 wind: 3
important - INFO - 2025-05-23 07:10:00 temp: 10.9 wind: 2.1
important - INFO - 2025-05-23 07:30:00 temp: 13.5 wind: 1
important - INFO - 2025-05-23 07:40:00 temp: 12.9 wind: 1.7
important - INFO - 2025-05-23 07:50:00 temp: 13 wind: 1.8
important - INFO - 2025-05-23 08:10:00 temp: 12.7 wind: 1.2
important - INFO - 2025-05-23 08:40:00 temp: 13.8 wind: 1.8
important - INFO - 2025-05-23 08:50:00 temp: 14.5 wind: 1.9
important - INFO - 2025-05-23 09:10:00 temp: 14.6 wind: 1.6
important - INFO - 2025-05-23 09:30:00 temp: 14.7 wind: 1.1
important - INFO - 2025-05-23 09:40:00 temp: 14.8 wind: 1
important - INFO - 2025-05-23 09:50:00 temp: 15.3 wind: 0.8
important - INFO - 2025-05-23 10:00:00 temp: 16 wind: 0.7
important - INFO - 2025-05-23 10:30:00 temp: 15.4 wind: 1
important - INFO - 2025-05-23 10:40:00 temp: 16.9 wind: 1
important - INFO - 2025-05-23 10:50:00 temp: 15.8 wind: 4
important - INFO - 2025-05-23 11:10:00 temp: 15.6 wind: 3.9
important - INFO - 2025-05-23 11:20:00 temp: 15.1 wind: 4.8
important - INFO - 2025-05-23 11:30:00 temp: 15.5 wind: 3.6
important - INFO - 2025-05-23 11:40:00 temp: 16.3 wind: 3.8
important - INFO - 2025-05-23 11:50:00 temp: 17.3 wind: 3.4
important - INFO - 2025-05-23 12:30:00 temp: 16.3 wind: 4.1
important - INFO - 2025-05-23 13:10:00 temp: 16.6 wind: 2.7
important - INFO - 2025-05-23 13:30:00 temp: 16.7 wind: 3.9
important - INFO - 2025-05-23 13:40:00 temp: 17.1 wind: 3
important - INFO - 2025-05-23 13:50:00 temp: 17.5 wind: 1.9
important - INFO - 2025-05-23 14:10:00 temp: 17 wind: 3
important - INFO - 2025-05-23 14:30:00 temp: 17.8 wind: 2.2
important - INFO - 2025-05-23 14:40:00 temp: 16.5 wind: 2.5
important - INFO - 2025-05-23 14:50:00 temp: 17.1 wind: 2.2
important - INFO - 2025-05-23 15:10:00 temp: 16.3 wind: 3
important - INFO - 2025-05-23 15:30:00 temp: 16.8 wind: 2.5
important - INFO - 2025-05-23 15:40:00 temp: 16.5 wind: 1.8
important - INFO - 2025-05-23 15:50:00 temp: 16 wind: 2.1
important - INFO - 2025-05-23 16:10:00 temp: 15 wind: 1.1
important - INFO - 2025-05-23 16:40:00 temp: 15.1 wind: 0.9
important - INFO - 2025-05-23 16:50:00 temp: 15.4 wind: 0.6
important - INFO - 2025-05-23 17:10:00 temp: 15 wind: 0.6
important - INFO - 2025-05-23 17:20:00 temp: 14.8 wind: 1.2
important - INFO - 2025-05-23 17:40:00 temp: 13.6 wind: 0.4
important - INFO - 2025-05-23 18:10:00 temp: 12.5 wind: 0.1
important - INFO - 2025-05-23 18:40:00 temp: 10.9 wind: 0
important - INFO - 2025-05-23 18:50:00 temp: 10.6 wind: 0
important - INFO - 2025-05-23 19:10:00 temp: 10.3 wind: 0.3
important - INFO - 2025-05-23 19:20:00 temp: 9.6 wind: 0
important - INFO - 2025-05-23 19:30:00 temp: 9 wind: 0.2
important - INFO - 2025-05-23 19:40:00 temp: 8.6 wind: 0
important - INFO - 2025-05-23 19:50:00 temp: 8.6 wind: 0.1
important - INFO - 2025-05-23 20:10:00 temp: 8 wind: 0.3
important - INFO - 2025-05-23 20:30:00 temp: 8 wind: 0.6
important - INFO - 2025-05-23 20:40:00 temp: 8.3 wind: 0.4
important - INFO - 2025-05-23 20:50:00 temp: 8.1 wind: 0.3
important - INFO - 2025-05-23 21:00:00 temp: 8 wind: 0.7
important - INFO - 2025-05-23 21:20:00 temp: 7.2 wind: 0
important - INFO - 2025-05-23 21:30:00 temp: 7.4 wind: 0.1
important - INFO - 2025-05-23 21:40:00 temp: 7.4 wind: 0.3
important - INFO - 2025-05-23 21:50:00 temp: 7.8 wind: 0.1
important - INFO - 2025-05-23 22:00:00 temp: 7.1 wind: 0.5
important - INFO - 2025-05-23 22:20:00 temp: 6.6 wind: 0.8
important - INFO - 2025-05-23 22:40:00 temp: 6.6 wind: 1.2
important - INFO - 2025-05-23 22:50:00 temp: 6.5 wind: 0.9
important - INFO - 2025-05-23 23:10:00 temp: 5.4 wind: 0
important - INFO - 2025-05-23 23:20:00 temp: 5.1 wind: 0
important - INFO - 2025-05-23 23:30:00 temp: 5 wind: 0
important - INFO - 2025-05-23 23:40:00 temp: 5 wind: 0
important - INFO - 2025-05-23 23:50:00 temp: 4.6 wind: 0
important - INFO - 2025-05-24 00:50:00 temp: 4.2 wind: 0.6
important - INFO - 2025-05-24 02:20:00 temp: 3.5 wind: 0.9
important - INFO - 2025-05-24 03:10:00 temp: 3.3 wind: 0.1
important - INFO - 2025-05-24 03:40:00 temp: 2.6 wind: 0
important - INFO - 2025-05-24 03:50:00 temp: 3.1 wind: 0
important - INFO - 2025-05-24 04:00:00 temp: 3.6 wind: 0
important - INFO - 2025-05-24 04:30:00 temp: 5.5 wind: 0.1
important - INFO - 2025-05-24 04:40:00 temp: 7 wind: 1.2
important - INFO - 2025-05-24 05:10:00 temp: 10.8 wind: 0.1
important - INFO - 2025-05-24 05:30:00 temp: 12.4 wind: 0.1
important - INFO - 2025-05-24 05:40:00 temp: 12.9 wind: 0.5
important - INFO - 2025-05-24 05:50:00 temp: 13.1 wind: 0.6
important - INFO - 2025-05-24 06:10:00 temp: 13.5 wind: 0.7
important - INFO - 2025-05-24 06:40:00 temp: 15 wind: 0.2
important - INFO - 2025-05-24 06:50:00 temp: 15.6 wind: 0.8
important - INFO - 2025-05-24 07:00:00 temp: 15.6 wind: 1.4
important - INFO - 2025-05-24 07:20:00 temp: 15.9 wind: 1.4
important - INFO - 2025-05-24 07:30:00 temp: 16.9 wind: 1.5
important - INFO - 2025-05-24 07:40:00 temp: 17.2 wind: 1.1
important - INFO - 2025-05-24 07:50:00 temp: 17.1 wind: 1.1
important - INFO - 2025-05-24 08:10:00 temp: 17.6 wind: 1.4
important - INFO - 2025-05-24 08:30:00 temp: 18.6 wind: 1.1
important - INFO - 2025-05-24 08:40:00 temp: 18.9 wind: 1.4
important - INFO - 2025-05-24 08:50:00 temp: 17.5 wind: 1.4
important - INFO - 2025-05-24 09:10:00 temp: 16.6 wind: 2.6
important - INFO - 2025-05-24 09:20:00 temp: 15.2 wind: 3.1
important - INFO - 2025-05-24 09:30:00 temp: 18.1 wind: 1.3
important - INFO - 2025-05-24 09:40:00 temp: 16.8 wind: 1.2
important - INFO - 2025-05-24 09:50:00 temp: 19.1 wind: 2.5
important - INFO - 2025-05-24 10:10:00 temp: 16.4 wind: 2.6
important - INFO - 2025-05-24 10:30:00 temp: 15.5 wind: 3.3
important - INFO - 2025-05-24 10:40:00 temp: 15.2 wind: 3.5
important - INFO - 2025-05-24 10:50:00 temp: 15.8 wind: 3
important - INFO - 2025-05-24 11:10:00 temp: 18.5 wind: 2.6
important - INFO - 2025-05-24 11:20:00 temp: 19.9 wind: 2.5
important - INFO - 2025-05-24 11:30:00 temp: 19.8 wind: 1.9
important - INFO - 2025-05-24 11:40:00 temp: 20.8 wind: 2
important - INFO - 2025-05-24 11:50:00 temp: 17.6 wind: 0.9
important - INFO - 2025-05-24 12:20:00 temp: 16.9 wind: 1.7
important - INFO - 2025-05-24 12:50:00 temp: 16 wind: 2.1
important - INFO - 2025-05-24 13:20:00 temp: 16.1 wind: 2.2
important - INFO - 2025-05-24 13:30:00 temp: 18.3 wind: 1.8
important - INFO - 2025-05-24 13:40:00 temp: 20.5 wind: 1.5
important - INFO - 2025-05-24 13:50:00 temp: 20.9 wind: 2.5
important - INFO - 2025-05-24 14:00:00 temp: 17.4 wind: 4.2
important - INFO - 2025-05-24 14:20:00 temp: 16 wind: 3.1
important - INFO - 2025-05-24 14:30:00 temp: 16.4 wind: 2.3
important - INFO - 2025-05-24 14:40:00 temp: 16.6 wind: 2.7
important - INFO - 2025-05-24 14:50:00 temp: 17.1 wind: 2.7
important - INFO - 2025-05-24 15:10:00 temp: 17 wind: 1.6
important - INFO - 2025-05-24 15:20:00 temp: 17.6 wind: 2.3
important - INFO - 2025-05-24 15:30:00 temp: 18.7 wind: 2
important - INFO - 2025-05-24 15:40:00 temp: 19.6 wind: 1.4
important - INFO - 2025-05-24 15:50:00 temp: 17.8 wind: 1
important - INFO - 2025-05-24 16:20:00 temp: 15.5 wind: 0.2
important - INFO - 2025-05-24 16:30:00 temp: 15.5 wind: 0.1
important - INFO - 2025-05-24 16:40:00 temp: 15.5 wind: 0.4
important - INFO - 2025-05-24 16:50:00 temp: 15.5 wind: 0.3
important - INFO - 2025-05-24 17:10:00 temp: 15.1 wind: 0.2
important - INFO - 2025-05-24 17:20:00 temp: 14.7 wind: 0
important - INFO - 2025-05-24 17:30:00 temp: 14.3 wind: 0
important - INFO - 2025-05-24 17:40:00 temp: 14.3 wind: 0
important - INFO - 2025-05-24 17:50:00 temp: 14.8 wind: 0
important - INFO - 2025-05-24 18:10:00 temp: 13.6 wind: 0
important - INFO - 2025-05-24 18:40:00 temp: 11.3 wind: 0
important - INFO - 2025-05-24 18:50:00 temp: 10.9 wind: 0
important - INFO - 2025-05-24 19:00:00 temp: 10.3 wind: 0
important - INFO - 2025-05-24 19:10:00 temp: 9.7 wind: 0
important - INFO - 2025-05-24 19:20:00 temp: 9.3 wind: 0
important - INFO - 2025-05-24 19:30:00 temp: 9 wind: 0
important - INFO - 2025-05-24 19:40:00 temp: 8.8 wind: 0
important - INFO - 2025-05-24 19:50:00 temp: 8.3 wind: 0
important - INFO - 2025-05-24 20:00:00 temp: 8.3 wind: 0
important - INFO - 2025-05-24 20:20:00 temp: 7.8 wind: 0.4
important - INFO - 2025-05-24 20:30:00 temp: 7.6 wind: 0.4
important - INFO - 2025-05-24 20:40:00 temp: 7.5 wind: 0
important - INFO - 2025-05-24 20:50:00 temp: 7.1 wind: 0
important - INFO - 2025-05-24 21:00:00 temp: 6.8 wind: 0
important - INFO - 2025-05-24 21:20:00 temp: 6.6 wind: 0.8
important - INFO - 2025-05-24 21:30:00 temp: 6.6 wind: 0.7
important - INFO - 2025-05-24 21:40:00 temp: 6.2 wind: 0
important - INFO - 2025-05-24 21:50:00 temp: 6.1 wind: 0
important - INFO - 2025-05-24 22:10:00 temp: 5.6 wind: 0
important - INFO - 2025-05-24 22:20:00 temp: 5.6 wind: 0
important - INFO - 2025-05-24 22:40:00 temp: 5.5 wind: 0.1
important - INFO - 2025-05-24 22:50:00 temp: 5.6 wind: 0.1
important - INFO - 2025-05-24 23:10:00 temp: 5.1 wind: 0
important - INFO - 2025-05-24 23:20:00 temp: 5.1 wind: 0.2
important - INFO - 2025-05-24 23:30:00 temp: 5.1 wind: 0
important - INFO - 2025-05-24 23:40:00 temp: 5.6 wind: 0.5
important - INFO - 2025-05-24 23:50:00 temp: 5.6 wind: 0.1
important - INFO - 2025-05-25 01:30:00 temp: 3.3 wind: 0
important - INFO - 2025-05-25 03:00:00 temp: 2.8 wind: 0
important - INFO - 2025-05-25 03:50:00 temp: 3.4 wind: 0
important - INFO - 2025-05-25 04:10:00 temp: 4.6 wind: 0.2
important - INFO - 2025-05-25 04:30:00 temp: 5.5 wind: 0
important - INFO - 2025-05-25 04:40:00 temp: 7.5 wind: 0
important - INFO - 2025-05-25 04:50:00 temp: 9.7 wind: 0
important - INFO - 2025-05-25 05:00:00 temp: 9.8 wind: 0.6
important - INFO - 2025-05-25 05:20:00 temp: 11.3 wind: 0.2
important - INFO - 2025-05-25 05:30:00 temp: 11.9 wind: 0.2
important - INFO - 2025-05-25 05:40:00 temp: 12.8 wind: 0
important - INFO - 2025-05-25 05:50:00 temp: 13.2 wind: 0
important - INFO - 2025-05-25 06:10:00 temp: 13 wind: 0.6
important - INFO - 2025-05-25 06:30:00 temp: 14.3 wind: 0.8
important - INFO - 2025-05-25 06:40:00 temp: 14.8 wind: 0.8
important - INFO - 2025-05-25 06:50:00 temp: 15.2 wind: 0.5
important - INFO - 2025-05-25 07:00:00 temp: 14.8 wind: 0.8
important - INFO - 2025-05-25 07:20:00 temp: 16.9 wind: 0.1
important - INFO - 2025-05-25 07:30:00 temp: 17.1 wind: 0.5
important - INFO - 2025-05-25 07:40:00 temp: 16.9 wind: 0.4
important - INFO - 2025-05-25 07:50:00 temp: 17.6 wind: 0.3
important - INFO - 2025-05-25 08:10:00 temp: 18.1 wind: 0.4
important - INFO - 2025-05-25 08:30:00 temp: 19 wind: 0.5
important - INFO - 2025-05-25 08:50:00 temp: 19.2 wind: 0.7
important - INFO - 2025-05-25 09:00:00 temp: 19.3 wind: 0.9
important - INFO - 2025-05-25 09:20:00 temp: 20.5 wind: 1
important - INFO - 2025-05-25 09:30:00 temp: 20.1 wind: 1
important - INFO - 2025-05-25 09:40:00 temp: 20.9 wind: 0.5
important - INFO - 2025-05-25 09:50:00 temp: 20.8 wind: 0.7
important - INFO - 2025-05-25 10:10:00 temp: 21.6 wind: 0.6
important - INFO - 2025-05-25 10:30:00 temp: 22.1 wind: 1.3
important - INFO - 2025-05-25 10:40:00 temp: 22 wind: 1.4
important - INFO - 2025-05-25 10:50:00 temp: 21.3 wind: 1.5
important - INFO - 2025-05-25 11:10:00 temp: 22.3 wind: 0.8
important - INFO - 2025-05-25 11:20:00 temp: 22.6 wind: 1.6
important - INFO - 2025-05-25 11:30:00 temp: 22.6 wind: 1.3
important - INFO - 2025-05-25 11:40:00 temp: 22.8 wind: 2.5
important - INFO - 2025-05-25 11:50:00 temp: 22.4 wind: 1.7
important - INFO - 2025-05-25 12:20:00 temp: 22.4 wind: 2
important - INFO - 2025-05-25 12:50:00 temp: 24 wind: 1.6
important - INFO - 2025-05-25 13:20:00 temp: 22.6 wind: 0.6
important - INFO - 2025-05-25 13:30:00 temp: 23.7 wind: 1
important - INFO - 2025-05-25 13:50:00 temp: 22.6 wind: 1.2
important - INFO - 2025-05-25 14:00:00 temp: 20.8 wind: 0.8
important - INFO - 2025-05-25 14:20:00 temp: 20.6 wind: 1
important - INFO - 2025-05-25 14:30:00 temp: 20.3 wind: 1.2
important - INFO - 2025-05-25 14:40:00 temp: 19.8 wind: 1
important - INFO - 2025-05-25 14:50:00 temp: 19.7 wind: 1.4
important - INFO - 2025-05-25 15:10:00 temp: 19.8 wind: 1.8
important - INFO - 2025-05-25 15:20:00 temp: 19.9 wind: 1.9
important - INFO - 2025-05-25 15:30:00 temp: 21.1 wind: 1.9
important - INFO - 2025-05-25 15:40:00 temp: 21.9 wind: 1.2
important - INFO - 2025-05-25 15:50:00 temp: 20.8 wind: 1.9
important - INFO - 2025-05-25 16:00:00 temp: 20.1 wind: 2.4
important - INFO - 2025-05-25 16:30:00 temp: 17.1 wind: 4.4
important - INFO - 2025-05-25 16:40:00 temp: 17 wind: 4.2
important - INFO - 2025-05-25 16:50:00 temp: 16.8 wind: 3.2
important - INFO - 2025-05-25 17:10:00 temp: 16.3 wind: 2.8
important - INFO - 2025-05-25 17:20:00 temp: 16.2 wind: 3
important - INFO - 2025-05-25 17:30:00 temp: 16.1 wind: 2.8
important - INFO - 2025-05-25 17:40:00 temp: 15.9 wind: 2.3
important - INFO - 2025-05-25 18:20:00 temp: 15.2 wind: 1.7
important - INFO - 2025-05-25 18:40:00 temp: 15.1 wind: 2.8
important - INFO - 2025-05-25 18:50:00 temp: 15 wind: 3.2
important - INFO - 2025-05-25 19:00:00 temp: 15 wind: 3.4
important - INFO - 2025-05-25 19:10:00 temp: 14.8 wind: 2.5
important - INFO - 2025-05-25 19:20:00 temp: 14.6 wind: 2.4
important - INFO - 2025-05-25 19:30:00 temp: 14.5 wind: 2.3
important - INFO - 2025-05-25 19:40:00 temp: 14.5 wind: 2.6
important - INFO - 2025-05-25 19:50:00 temp: 14 wind: 2
important - INFO - 2025-05-25 20:00:00 temp: 13.6 wind: 1.6
important - INFO - 2025-05-25 20:20:00 temp: 13.1 wind: 1.4
important - INFO - 2025-05-25 20:30:00 temp: 12.9 wind: 0.9
important - INFO - 2025-05-25 20:50:00 temp: 12.6 wind: 0.7
important - INFO - 2025-05-25 21:10:00 temp: 12.5 wind: 1.3
important - INFO - 2025-05-25 21:20:00 temp: 12.5 wind: 1.4
important - INFO - 2025-05-25 21:30:00 temp: 12.4 wind: 0.3
important - INFO - 2025-05-25 21:40:00 temp: 12.3 wind: 0.4
important - INFO - 2025-05-25 21:50:00 temp: 12.3 wind: 0.1
important - INFO - 2025-05-25 22:10:00 temp: 12.1 wind: 0
important - INFO - 2025-05-25 22:30:00 temp: 12 wind: 0
important - INFO - 2025-05-25 22:40:00 temp: 12 wind: 0.1
important - INFO - 2025-05-25 22:50:00 temp: 11.9 wind: 0
important - INFO - 2025-05-25 23:10:00 temp: 12 wind: 0
important - INFO - 2025-05-25 23:20:00 temp: 12 wind: 0
important - INFO - 2025-05-25 23:30:00 temp: 12 wind: 0
important - INFO - 2025-05-25 23:40:00 temp: 12 wind: 0
important - INFO - 2025-05-25 23:50:00 temp: 12 wind: 0
important - INFO - 2025-05-26 01:30:00 temp: 12.1 wind: 0
important - INFO - 2025-05-26 03:00:00 temp: 12 wind: 0
important - INFO - 2025-05-26 03:50:00 temp: 12.3 wind: 0
important - INFO - 2025-05-26 04:10:00 temp: 12.4 wind: 0
important - INFO - 2025-05-26 04:30:00 temp: 12.6 wind: 0
important - INFO - 2025-05-26 04:50:00 temp: 13.1 wind: 0.1
important - INFO - 2025-05-26 05:10:00 temp: 12.8 wind: 0.5
important - INFO - 2025-05-26 05:30:00 temp: 13.6 wind: 0.2
important - INFO - 2025-05-26 05:40:00 temp: 14.6 wind: 0.2
important - INFO - 2025-05-26 05:50:00 temp: 14.6 wind: 0.7
important - INFO - 2025-05-26 06:10:00 temp: 15.3 wind: 0.6
important - INFO - 2025-05-26 06:40:00 temp: 15.6 wind: 0.2
important - INFO - 2025-05-26 06:50:00 temp: 16.2 wind: 0.9
important - INFO - 2025-05-26 07:10:00 temp: 16.2 wind: 1
important - INFO - 2025-05-26 07:40:00 temp: 17.8 wind: 1.9
important - INFO - 2025-05-26 08:20:00 temp: 18 wind: 2.6
important - INFO - 2025-05-26 09:50:00 temp: 18.6 wind: 1.6
important - INFO - 2025-05-26 10:10:00 temp: 15.9 wind: 1.7
important - INFO - 2025-05-26 10:30:00 temp: 20 wind: 3.2
important - INFO - 2025-05-26 10:50:00 temp: 20.6 wind: 3.8
important - INFO - 2025-05-26 11:00:00 temp: 20.3 wind: 3.4
important - INFO - 2025-05-26 11:20:00 temp: 15.8 wind: 2.1
important - INFO - 2025-05-26 11:30:00 temp: 16.3 wind: 1.5
important - INFO - 2025-05-26 11:40:00 temp: 18.3 wind: 0.9
important - INFO - 2025-05-26 11:50:00 temp: 20.5 wind: 1.4
important - INFO - 2025-05-26 12:30:00 temp: 23 wind: 3.3
important - INFO - 2025-05-26 13:00:00 temp: 22.5 wind: 2.4
important - INFO - 2025-05-26 13:30:00 temp: 22.7 wind: 2.4
important - INFO - 2025-05-26 13:40:00 temp: 20.6 wind: 1.7
important - INFO - 2025-05-26 13:50:00 temp: 24 wind: 0.6
important - INFO - 2025-05-26 14:10:00 temp: 14.9 wind: 4.3
important - INFO - 2025-05-26 14:30:00 temp: 17.4 wind: 1.8
important - INFO - 2025-05-26 14:40:00 temp: 18.1 wind: 0.6
important - INFO - 2025-05-26 14:50:00 temp: 20.1 wind: 0.3
important - INFO - 2025-05-26 15:10:00 temp: 21.6 wind: 2.2
important - INFO - 2025-05-26 15:30:00 temp: 20.4 wind: 2.9
important - INFO - 2025-05-26 15:40:00 temp: 18.5 wind: 2.5
important - INFO - 2025-05-26 15:50:00 temp: 18.1 wind: 1.6
important - INFO - 2025-05-26 16:10:00 temp: 18.6 wind: 1.7
important - INFO - 2025-05-26 16:30:00 temp: 19.6 wind: 2.4
important - INFO - 2025-05-26 16:50:00 temp: 18.6 wind: 0.4
important - INFO - 2025-05-26 17:10:00 temp: 19 wind: 0.3
important - INFO - 2025-05-26 17:30:00 temp: 17.5 wind: 0.6
important - INFO - 2025-05-26 17:50:00 temp: 17.1 wind: 0.1
important - INFO - 2025-05-26 18:10:00 temp: 16.8 wind: 0
important - INFO - 2025-05-26 18:40:00 temp: 16.1 wind: 0.2
important - INFO - 2025-05-26 19:00:00 temp: 15.5 wind: 0
important - INFO - 2025-05-26 19:20:00 temp: 15.3 wind: 0.2
important - INFO - 2025-05-26 19:30:00 temp: 15.5 wind: 0.9
important - INFO - 2025-05-26 19:40:00 temp: 15.5 wind: 0.9
important - INFO - 2025-05-26 19:50:00 temp: 15.3 wind: 0.9
important - INFO - 2025-05-26 20:10:00 temp: 14.7 wind: 0
important - INFO - 2025-05-26 20:30:00 temp: 13.8 wind: 0
important - INFO - 2025-05-26 20:40:00 temp: 13.3 wind: 0
important - INFO - 2025-05-26 20:50:00 temp: 13.4 wind: 0
important - INFO - 2025-05-26 21:10:00 temp: 13.4 wind: 0
important - INFO - 2025-05-26 21:20:00 temp: 13.3 wind: 0
important - INFO - 2025-05-26 21:30:00 temp: 13.4 wind: 0
important - INFO - 2025-05-26 21:40:00 temp: 13.3 wind: 0
important - INFO - 2025-05-26 21:50:00 temp: 13.5 wind: 0
important - INFO - 2025-05-26 22:10:00 temp: 13.6 wind: 0
important - INFO - 2025-05-26 22:30:00 temp: 13 wind: 0
important - INFO - 2025-05-26 22:40:00 temp: 12.8 wind: 0
important - INFO - 2025-05-26 22:50:00 temp: 12.5 wind: 0
important - INFO - 2025-05-26 23:00:00 temp: 12.3 wind: 0
important - INFO - 2025-05-26 23:20:00 temp: 11.7 wind: 0
important - INFO - 2025-05-26 23:30:00 temp: 11.8 wind: 0
important - INFO - 2025-05-26 23:40:00 temp: 11.5 wind: 0
important - INFO - 2025-05-26 23:50:00 temp: 11.3 wind: 0
important - INFO - 2025-05-27 01:20:00 temp: 10.3 wind: 0
important - INFO - 2025-05-27 02:50:00 temp: 9.6 wind: 0.1
important - INFO - 2025-05-27 03:30:00 temp: 10.1 wind: 0
important - INFO - 2025-05-27 03:50:00 temp: 10.6 wind: 0
important - INFO - 2025-05-27 04:20:00 temp: 11.3 wind: 0.1
important - INFO - 2025-05-27 04:30:00 temp: 11.6 wind: 0.1
important - INFO - 2025-05-27 04:50:00 temp: 11.9 wind: 0.5
important - INFO - 2025-05-27 05:10:00 temp: 12.9 wind: 0
important - INFO - 2025-05-27 05:30:00 temp: 14 wind: 0.3
important - INFO - 2025-05-27 05:40:00 temp: 15 wind: 0
important - INFO - 2025-05-27 05:50:00 temp: 14.6 wind: 0
important - INFO - 2025-05-27 08:50:00 temp: 20.9 wind: 0.4
important - INFO - 2025-05-27 09:00:00 temp: 21 wind: 0.4
important - INFO - 2025-05-27 09:20:00 temp: 21.7 wind: 0.8
important - INFO - 2025-05-27 09:40:00 temp: 19.8 wind: 0.7
important - INFO - 2025-05-27 09:50:00 temp: 19.3 wind: 1.2
important - INFO - 2025-05-27 10:10:00 temp: 22.6 wind: 0.8
important - INFO - 2025-05-27 10:40:00 temp: 19.3 wind: 0.2
important - INFO - 2025-05-27 10:50:00 temp: 19.3 wind: 0
important - INFO - 2025-05-27 11:00:00 temp: 19.2 wind: 0.2
important - INFO - 2025-05-27 11:10:00 temp: 19.5 wind: 0
important - INFO - 2025-05-27 11:30:00 temp: 18.7 wind: 1.3
important - INFO - 2025-05-27 11:40:00 temp: 18.7 wind: 1.3
important - INFO - 2025-05-27 11:50:00 temp: 19.1 wind: 0.7
important - INFO - 2025-05-27 12:30:00 temp: 18.8 wind: 2.1
important - INFO - 2025-05-27 13:00:00 temp: 23.1 wind: 1
important - INFO - 2025-05-27 13:30:00 temp: 23.6 wind: 1.1
important - INFO - 2025-05-27 13:50:00 temp: 23.8 wind: 2.1
important - INFO - 2025-05-27 14:10:00 temp: 23.1 wind: 2.1
important - INFO - 2025-05-27 14:30:00 temp: 23.7 wind: 2.5
important - INFO - 2025-05-27 14:40:00 temp: 24.1 wind: 2.2
important - INFO - 2025-05-27 14:50:00 temp: 22.6 wind: 2.4
important - INFO - 2025-05-27 15:10:00 temp: 22 wind: 1
important - INFO - 2025-05-27 15:30:00 temp: 21.2 wind: 3.3
important - INFO - 2025-05-27 15:40:00 temp: 21.7 wind: 3.4
important - INFO - 2025-05-27 15:50:00 temp: 21.3 wind: 3.6
important - INFO - 2025-05-27 16:10:00 temp: 20.4 wind: 2.9
important - INFO - 2025-05-27 16:40:00 temp: 19.9 wind: 2.4
important - INFO - 2025-05-27 16:50:00 temp: 19.6 wind: 2.5
important - INFO - 2025-05-27 17:10:00 temp: 19.3 wind: 2.7
important - INFO - 2025-05-27 17:30:00 temp: 19.8 wind: 1.9
important - INFO - 2025-05-27 17:40:00 temp: 19.3 wind: 2.1
important - INFO - 2025-05-27 17:50:00 temp: 18.6 wind: 1.8
important - INFO - 2025-05-27 18:10:00 temp: 17.4 wind: 1
important - INFO - 2025-05-27 18:40:00 temp: 15 wind: 0
important - INFO - 2025-05-27 18:50:00 temp: 14.4 wind: 0
important - INFO - 2025-05-27 19:00:00 temp: 14 wind: 0
important - INFO - 2025-05-27 19:20:00 temp: 13.6 wind: 0
important - INFO - 2025-05-27 19:30:00 temp: 13.6 wind: 0.2
important - INFO - 2025-05-27 19:40:00 temp: 13.5 wind: 0.1
important - INFO - 2025-05-27 19:50:00 temp: 13.3 wind: 0
important - INFO - 2025-05-27 20:10:00 temp: 12.8 wind: 0
important - INFO - 2025-05-27 20:30:00 temp: 12.8 wind: 0.5
important - INFO - 2025-05-27 20:40:00 temp: 12.7 wind: 0
important - INFO - 2025-05-27 20:50:00 temp: 12.3 wind: 0
important - INFO - 2025-05-27 21:10:00 temp: 12.1 wind: 0.2
important - INFO - 2025-05-27 21:20:00 temp: 11.9 wind: 0.2
important - INFO - 2025-05-27 21:30:00 temp: 12.1 wind: 0.8
important - INFO - 2025-05-27 21:40:00 temp: 12.4 wind: 1.1
important - INFO - 2025-05-27 21:50:00 temp: 12.1 wind: 0.5
important - INFO - 2025-05-27 22:10:00 temp: 11.8 wind: 0.9
important - INFO - 2025-05-27 22:20:00 temp: 11.4 wind: 0.4
important - INFO - 2025-05-27 22:40:00 temp: 10.3 wind: 0
important - INFO - 2025-05-27 22:50:00 temp: 9.9 wind: 0.1
important - INFO - 2025-05-27 23:10:00 temp: 9.7 wind: 0.1
important - INFO - 2025-05-27 23:20:00 temp: 9.5 wind: 0.2
important - INFO - 2025-05-27 23:30:00 temp: 10.1 wind: 1.5
important - INFO - 2025-05-27 23:40:00 temp: 10.2 wind: 1.5
important - INFO - 2025-05-27 23:50:00 temp: 10.3 wind: 1
important - INFO - 2025-05-28 01:20:00 temp: 8.8 wind: 0.2
important - INFO - 2025-05-28 02:50:00 temp: 9.6 wind: 0
important - INFO - 2025-05-28 03:30:00 temp: 10.1 wind: 0
important - INFO - 2025-05-28 03:50:00 temp: 10.6 wind: 0
important - INFO - 2025-05-28 04:10:00 temp: 11.1 wind: 0
important - INFO - 2025-05-28 04:40:00 temp: 12.5 wind: 0
important - INFO - 2025-05-28 04:50:00 temp: 12.8 wind: 0
important - INFO - 2025-05-28 05:10:00 temp: 15 wind: 0
important - INFO - 2025-05-28 05:30:00 temp: 15.3 wind: 0
important - INFO - 2025-05-28 05:40:00 temp: 15.5 wind: 0
important - INFO - 2025-05-28 05:50:00 temp: 15.5 wind: 0
important - INFO - 2025-05-28 06:10:00 temp: 14.9 wind: 0
important - INFO - 2025-05-28 06:40:00 temp: 19.3 wind: 0.2
important - INFO - 2025-05-28 06:50:00 temp: 20.1 wind: 0.4
important - INFO - 2025-05-28 07:00:00 temp: 17.5 wind: 0.3
important - INFO - 2025-05-28 07:20:00 temp: 17.7 wind: 0.2
important - INFO - 2025-05-28 07:30:00 temp: 17.6 wind: 0.1
important - INFO - 2025-05-28 07:40:00 temp: 18 wind: 0.1
important - INFO - 2025-05-28 07:50:00 temp: 18.1 wind: 0.3
important - INFO - 2025-05-28 08:10:00 temp: 17.6 wind: 0.2
important - INFO - 2025-05-28 08:30:00 temp: 18.5 wind: 0.1
important - INFO - 2025-05-28 08:50:00 temp: 18.9 wind: 0.1
important - INFO - 2025-05-28 09:10:00 temp: 19.1 wind: 0.6
important - INFO - 2025-05-28 09:30:00 temp: 21.6 wind: 0.8
important - INFO - 2025-05-28 09:40:00 temp: 22.1 wind: 1.3
important - INFO - 2025-05-28 09:50:00 temp: 21.6 wind: 1.3
important - INFO - 2025-05-28 10:10:00 temp: 21.7 wind: 1.3
important - INFO - 2025-05-28 10:30:00 temp: 20.8 wind: 1.1
important - INFO - 2025-05-28 10:40:00 temp: 21 wind: 1.7
important - INFO - 2025-05-28 10:50:00 temp: 21.2 wind: 1.4
important - INFO - 2025-05-28 11:10:00 temp: 21.2 wind: 1.6
important - INFO - 2025-05-28 11:20:00 temp: 20 wind: 1.9
important - INFO - 2025-05-28 11:30:00 temp: 19.8 wind: 0.9
important - INFO - 2025-05-28 11:40:00 temp: 19.8 wind: 1.4
important - INFO - 2025-05-28 11:50:00 temp: 19.4 wind: 2.4
important - INFO - 2025-05-28 12:30:00 temp: 20.6 wind: 3.8
important - INFO - 2025-05-28 13:00:00 temp: 21.2 wind: 2
important - INFO - 2025-05-28 13:30:00 temp: 21.4 wind: 2.7
important - INFO - 2025-05-28 13:50:00 temp: 19.3 wind: 2
important - INFO - 2025-05-28 14:10:00 temp: 17.4 wind: 4.5
important - INFO - 2025-05-28 14:30:00 temp: 17.4 wind: 3.2
important - INFO - 2025-05-28 14:40:00 temp: 17.4 wind: 2.6
important - INFO - 2025-05-28 14:50:00 temp: 17.6 wind: 2.5
important - INFO - 2025-05-28 15:00:00 temp: 17.9 wind: 2.9
important - INFO - 2025-05-28 15:20:00 temp: 17.4 wind: 2.6
important - INFO - 2025-05-28 15:40:00 temp: 15.2 wind: 4.5
important - INFO - 2025-05-28 15:50:00 temp: 15.6 wind: 3.7
important - INFO - 2025-05-28 16:10:00 temp: 15.8 wind: 2.7
important - INFO - 2025-05-28 16:30:00 temp: 15.3 wind: 3.6
important - INFO - 2025-05-28 16:50:00 temp: 15.3 wind: 4.2
important - INFO - 2025-05-28 17:10:00 temp: 15.3 wind: 3.5
important - INFO - 2025-05-28 17:30:00 temp: 15.5 wind: 3
important - INFO - 2025-05-28 17:40:00 temp: 15.5 wind: 2.6
important - INFO - 2025-05-28 17:50:00 temp: 15.6 wind: 2.3
important - INFO - 2025-05-28 18:20:00 temp: 15.2 wind: 1.7
important - INFO - 2025-05-28 18:40:00 temp: 14.6 wind: 2
important - INFO - 2025-05-28 18:50:00 temp: 14.3 wind: 1.9
important - INFO - 2025-05-28 19:10:00 temp: 14.1 wind: 1.9
important - INFO - 2025-05-28 19:20:00 temp: 14.5 wind: 3
important - INFO - 2025-05-28 19:30:00 temp: 14.8 wind: 2.7
important - INFO - 2025-05-28 19:40:00 temp: 14.9 wind: 2.6
important - INFO - 2025-05-28 19:50:00 temp: 15.1 wind: 3.4
important - INFO - 2025-05-28 20:20:00 temp: 14.6 wind: 5.6
important - INFO - 2025-05-28 20:30:00 temp: 14.3 wind: 4.2
important - INFO - 2025-05-28 20:40:00 temp: 13.9 wind: 3.1
important - INFO - 2025-05-28 20:50:00 temp: 13.5 wind: 2.8
important - INFO - 2025-05-28 21:00:00 temp: 13 wind: 1.9
important - INFO - 2025-05-28 21:20:00 temp: 12.8 wind: 2.4
important - INFO - 2025-05-28 21:30:00 temp: 12.6 wind: 2.3
important - INFO - 2025-05-28 21:40:00 temp: 12.5 wind: 2.2
important - INFO - 2025-05-28 21:50:00 temp: 12.5 wind: 2.6
important - INFO - 2025-05-28 22:10:00 temp: 12.6 wind: 2.6
important - INFO - 2025-05-28 22:30:00 temp: 12.5 wind: 2.5
important - INFO - 2025-05-28 22:40:00 temp: 12.5 wind: 2.6
important - INFO - 2025-05-28 22:50:00 temp: 12.5 wind: 3
important - INFO - 2025-05-28 23:00:00 temp: 12.4 wind: 3.6
important - INFO - 2025-05-28 23:20:00 temp: 12.1 wind: 4.2
important - INFO - 2025-05-28 23:30:00 temp: 12.2 wind: 4.2
important - INFO - 2025-05-28 23:40:00 temp: 12.1 wind: 3.9
important - INFO - 2025-05-28 23:50:00 temp: 12 wind: 4
important - INFO - 2025-05-29 01:10:00 temp: 11.4 wind: 3.2
important - INFO - 2025-05-29 02:50:00 temp: 11.1 wind: 3.5
important - INFO - 2025-05-29 03:30:00 temp: 10.6 wind: 2.8
important - INFO - 2025-05-29 03:50:00 temp: 11 wind: 2.9
important - INFO - 2025-05-29 04:20:00 temp: 11.5 wind: 3
important - INFO - 2025-05-29 04:40:00 temp: 11.6 wind: 3.4
important - INFO - 2025-05-29 04:50:00 temp: 11.8 wind: 4
important - INFO - 2025-05-29 05:10:00 temp: 12.3 wind: 3.8
important - INFO - 2025-05-29 05:30:00 temp: 12.4 wind: 2.6
important - INFO - 2025-05-29 05:40:00 temp: 12.2 wind: 2.8
important - INFO - 2025-05-29 05:50:00 temp: 12.5 wind: 3
important - INFO - 2025-05-29 06:10:00 temp: 12.9 wind: 4.1
important - INFO - 2025-05-29 06:40:00 temp: 14.1 wind: 4
important - INFO - 2025-05-29 06:50:00 temp: 15.3 wind: 3.9
important - INFO - 2025-05-29 07:00:00 temp: 15.9 wind: 4.5
important - INFO - 2025-05-29 07:20:00 temp: 17.9 wind: 4.5
important - INFO - 2025-05-29 07:30:00 temp: 18.4 wind: 5.4
important - INFO - 2025-05-29 07:40:00 temp: 19 wind: 5.7
important - INFO - 2025-05-29 07:50:00 temp: 17 wind: 5.1
important - INFO - 2025-05-29 08:20:00 temp: 15.5 wind: 4.8
important - INFO - 2025-05-29 08:40:00 temp: 15.8 wind: 4.6
important - INFO - 2025-05-29 08:50:00 temp: 17.6 wind: 4.7
important - INFO - 2025-05-29 09:00:00 temp: 17 wind: 6.3
important - INFO - 2025-05-29 09:30:00 temp: 19.5 wind: 7.5
important - INFO - 2025-05-29 09:40:00 temp: 19.8 wind: 5.9
important - INFO - 2025-05-29 09:50:00 temp: 20.3 wind: 5.2
important - INFO - 2025-05-29 10:10:00 temp: 20.3 wind: 4.7
important - INFO - 2025-05-29 10:40:00 temp: 18.1 wind: 6.1
important - INFO - 2025-05-29 10:50:00 temp: 20.4 wind: 5.4
important - INFO - 2025-05-29 11:10:00 temp: 17.7 wind: 4.5
important - INFO - 2025-05-29 11:20:00 temp: 17.2 wind: 3.9
important - INFO - 2025-05-29 11:30:00 temp: 17.2 wind: 4.1
important - INFO - 2025-05-29 11:40:00 temp: 17.4 wind: 5
important - INFO - 2025-05-29 11:50:00 temp: 18.6 wind: 5.4
important - INFO - 2025-05-29 12:20:00 temp: 17.2 wind: 5.1
important - INFO - 2025-05-29 12:50:00 temp: 18.1 wind: 6
important - INFO - 2025-05-29 13:30:00 temp: 19.6 wind: 5.8
important - INFO - 2025-05-29 13:40:00 temp: 19.1 wind: 5.9
important - INFO - 2025-05-29 13:50:00 temp: 19.3 wind: 6.1
important - INFO - 2025-05-29 14:10:00 temp: 18 wind: 6.3
important - INFO - 2025-05-29 14:30:00 temp: 16.8 wind: 4.7
important - INFO - 2025-05-29 14:40:00 temp: 17.4 wind: 4.4
important - INFO - 2025-05-29 14:50:00 temp: 18 wind: 5.6
important - INFO - 2025-05-29 15:10:00 temp: 17.5 wind: 4.9
important - INFO - 2025-05-29 15:30:00 temp: 17.4 wind: 4.8
important - INFO - 2025-05-29 15:40:00 temp: 17.5 wind: 4.4
important - INFO - 2025-05-29 15:50:00 temp: 17.3 wind: 4.2
important - INFO - 2025-05-29 16:10:00 temp: 17.7 wind: 4.6
important - INFO - 2025-05-29 16:30:00 temp: 17.4 wind: 3.4
important - INFO - 2025-05-29 16:50:00 temp: 17.1 wind: 2.7
important - INFO - 2025-05-29 17:10:00 temp: 17.2 wind: 1.6
important - INFO - 2025-05-29 17:30:00 temp: 17.3 wind: 2.5
important - INFO - 2025-05-29 17:40:00 temp: 16.5 wind: 1.7
important - INFO - 2025-05-29 17:50:00 temp: 15.8 wind: 1.4
important - INFO - 2025-05-29 18:20:00 temp: 14.3 wind: 1
important - INFO - 2025-05-29 18:40:00 temp: 13.4 wind: 0.3
important - INFO - 2025-05-29 18:50:00 temp: 13 wind: 0.8
important - INFO - 2025-05-29 19:00:00 temp: 12.8 wind: 1
important - INFO - 2025-05-29 19:20:00 temp: 12.3 wind: 1.3
important - INFO - 2025-05-29 19:30:00 temp: 12.4 wind: 1.2
important - INFO - 2025-05-29 19:40:00 temp: 12.1 wind: 0.9
important - INFO - 2025-05-29 19:50:00 temp: 12 wind: 1
important - INFO - 2025-05-29 20:10:00 temp: 11 wind: 0.7
important - INFO - 2025-05-29 20:30:00 temp: 10.4 wind: 0.7
important - INFO - 2025-05-29 20:40:00 temp: 10.5 wind: 0.8
important - INFO - 2025-05-29 20:50:00 temp: 10.1 wind: 0.9
important - INFO - 2025-05-29 21:00:00 temp: 9.6 wind: 0.3
important - INFO - 2025-05-29 21:20:00 temp: 9.3 wind: 0.7
important - INFO - 2025-05-29 21:30:00 temp: 9.6 wind: 1
important - INFO - 2025-05-29 21:40:00 temp: 9.9 wind: 1.3
important - INFO - 2025-05-29 21:50:00 temp: 10.4 wind: 1.6
important - INFO - 2025-05-29 22:10:00 temp: 10.5 wind: 1.2
important - INFO - 2025-05-29 22:30:00 temp: 10.1 wind: 0.4
important - INFO - 2025-05-29 22:40:00 temp: 9.8 wind: 0
important - INFO - 2025-05-29 22:50:00 temp: 9.5 wind: 0
important - INFO - 2025-05-29 23:10:00 temp: 9 wind: 0
important - INFO - 2025-05-29 23:20:00 temp: 8.9 wind: 0
important - INFO - 2025-05-29 23:30:00 temp: 8.8 wind: 0
important - INFO - 2025-05-29 23:40:00 temp: 8.7 wind: 0
important - INFO - 2025-05-29 23:50:00 temp: 8.7 wind: 0
important - INFO - 2025-05-30 00:50:00 temp: 9.4 wind: 0
important - INFO - 2025-05-30 02:20:00 temp: 9.6 wind: 0
important - INFO - 2025-05-30 03:20:00 temp: 10.1 wind: 0.1
important - INFO - 2025-05-30 03:50:00 temp: 10.7 wind: 0
important - INFO - 2025-05-30 04:00:00 temp: 11.1 wind: 0
important - INFO - 2025-05-30 04:20:00 temp: 11.8 wind: 0
important - INFO - 2025-05-30 04:30:00 temp: 11.8 wind: 0.6
important - INFO - 2025-05-30 04:50:00 temp: 11.6 wind: 0
important - INFO - 2025-05-30 05:10:00 temp: 12.6 wind: 0
important - INFO - 2025-05-30 05:30:00 temp: 13 wind: 0
important - INFO - 2025-05-30 05:40:00 temp: 13 wind: 0
important - INFO - 2025-05-30 05:50:00 temp: 13.5 wind: 0.1
important - INFO - 2025-05-30 06:10:00 temp: 14.1 wind: 0
important - INFO - 2025-05-30 06:40:00 temp: 15.6 wind: 0.2
important - INFO - 2025-05-30 06:50:00 temp: 16.6 wind: 0.8
important - INFO - 2025-05-30 07:00:00 temp: 16.4 wind: 1.5
important - INFO - 2025-05-30 07:20:00 temp: 15.6 wind: 1.3
important - INFO - 2025-05-30 07:30:00 temp: 15.6 wind: 2.1
important - INFO - 2025-05-30 07:40:00 temp: 15.8 wind: 2.7
important - INFO - 2025-05-30 07:50:00 temp: 16.3 wind: 2.7
important - INFO - 2025-05-30 08:20:00 temp: 15.7 wind: 1.9
important - INFO - 2025-05-30 08:40:00 temp: 16.1 wind: 2
important - INFO - 2025-05-30 08:50:00 temp: 16.5 wind: 1.4
important - INFO - 2025-05-30 09:10:00 temp: 17.3 wind: 0.6
important - INFO - 2025-05-30 09:30:00 temp: 17.1 wind: 1.1
important - INFO - 2025-05-30 09:40:00 temp: 17.4 wind: 1.3
important - INFO - 2025-05-30 09:50:00 temp: 17.3 wind: 1.9
important - INFO - 2025-05-30 10:10:00 temp: 17.8 wind: 1.4
important - INFO - 2025-05-30 10:30:00 temp: 18.8 wind: 0.6
important - INFO - 2025-05-30 10:40:00 temp: 18.2 wind: 1.3
